<?xml version="1.0" encoding="UTF-8"?>
<testsuite name="codingon.spring_boot_default.SpringBootDefaultApplicationTests" tests="1" skipped="0" failures="0" errors="0" timestamp="2024-10-04T05:30:49" hostname="sbaui-iMac.local" time="0.559">
  <properties/>
  <testcase name="contextLoads()" classname="codingon.spring_boot_default.SpringBootDefaultApplicationTests" time="0.559"/>
  <system-out><![CDATA[14:30:48.244 [Test worker] INFO org.springframework.test.context.support.AnnotationConfigContextLoaderUtils -- Could not detect default configuration classes for test class [codingon.spring_boot_default.SpringBootDefaultApplicationTests]: SpringBootDefaultApplicationTests does not declare any static, non-private, non-final, nested classes annotated with @Configuration.
14:30:48.304 [Test worker] INFO org.springframework.boot.test.context.SpringBootTestContextBootstrapper -- Found @SpringBootConfiguration codingon.spring_boot_default.SpringBootDefaultApplication for test class codingon.spring_boot_default.SpringBootDefaultApplicationTests

  .   ____          _            __ _ _
 /\\ / ___'_ __ _ _(_)_ __  __ _ \ \ \ \
( ( )\___ | '_ | '_| | '_ \/ _` | \ \ \ \
 \\/  ___)| |_)| | | | | || (_| |  ) ) ) )
  '  |____| .__|_| |_|_| |_\__, | / / / /
 =========|_|==============|___/=/_/_/_/

 :: Spring Boot ::                (v3.3.4)

2024-10-04T14:30:48.532+09:00  INFO 2963 --- [spring-boot-default] [    Test worker] c.s.SpringBootDefaultApplicationTests    : Starting SpringBootDefaultApplicationTests using Java 21.0.4 with PID 2963 (started by sba in /Users/sba/Documents/github/spring-boot-default)
2024-10-04T14:30:48.533+09:00  INFO 2963 --- [spring-boot-default] [    Test worker] c.s.SpringBootDefaultApplicationTests    : No active profile set, falling back to 1 default profile: "default"
2024-10-04T14:30:49.117+09:00  INFO 2963 --- [spring-boot-default] [    Test worker] o.s.b.a.w.s.WelcomePageHandlerMapping    : Adding welcome page: class path resource [static/index.html]
2024-10-04T14:30:49.288+09:00  INFO 2963 --- [spring-boot-default] [    Test worker] c.s.SpringBootDefaultApplicationTests    : Started SpringBootDefaultApplicationTests in 0.898 seconds (process running for 1.566)
]]></system-out>
  <system-err><![CDATA[WARNING: A Java agent has been loaded dynamically (/Users/sba/.gradle/caches/modules-2/files-2.1/net.bytebuddy/byte-buddy-agent/1.14.19/154da3a65b4f4a909d3e5bdec55d1b2b4cbb6ce1/byte-buddy-agent-1.14.19.jar)
WARNING: If a serviceability tool is in use, please run with -XX:+EnableDynamicAgentLoading to hide this warning
WARNING: If a serviceability tool is not in use, please run with -Djdk.instrument.traceUsage for more information
WARNING: Dynamic loading of agents will be disallowed by default in a future release
]]></system-err>
</testsuite>
